This file contains any messages produced by compilers while
running configure, to aid debugging if configure makes a mistake.

It was created by SharpKnocking configure 0.1, which was
generated by GNU Autoconf 2.60.  Invocation command line was

  $ ./configure --enable-maintainer-mode

## --------- ##
## Platform. ##
## --------- ##

hostname = gondolin
uname -m = i686
uname -r = 2.6.17-11-386
uname -s = Linux
uname -v = #2 Thu Feb 1 19:50:13 UTC 2007

/usr/bin/uname -p = unknown
/bin/uname -X     = unknown

/bin/arch              = i686
/usr/bin/arch -k       = unknown
/usr/convex/getsysinfo = unknown
/usr/bin/hostinfo      = unknown
/bin/machine           = unknown
/usr/bin/oslevel       = unknown
/bin/universe          = unknown

PATH: /usr/local/sbin
PATH: /usr/local/bin
PATH: /usr/sbin
PATH: /usr/bin
PATH: /sbin
PATH: /bin
PATH: /usr/bin/X11
PATH: /usr/games
PATH: .


## ----------- ##
## Core tests. ##
## ----------- ##

configure:1725: checking for a BSD-compatible install
configure:1781: result: /usr/bin/install -c
configure:1792: checking whether build environment is sane
configure:1835: result: yes
configure:1900: checking for gawk
configure:1916: found /usr/bin/gawk
configure:1927: result: gawk
configure:1938: checking whether make sets $(MAKE)
configure:1959: result: yes
configure:2146: checking for pkg-config
configure:2164: found /usr/bin/pkg-config
configure:2177: result: /usr/bin/pkg-config
configure:2204: checking for a BSD-compatible install
configure:2260: result: /usr/bin/install -c
configure:2274: checking for mcs
configure:2292: found /usr/bin/mcs
configure:2305: result: /usr/bin/mcs
configure:2428: checking pkg-config is at least version 0.9.0
configure:2431: result: yes
configure:2442: checking for GTK_SHARP_20
configure:2450: $PKG_CONFIG --exists --print-errors "gtk-sharp-2.0"
configure:2453: $? = 0
configure:2468: $PKG_CONFIG --exists --print-errors "gtk-sharp-2.0"
configure:2471: $? = 0
configure:2547: result: yes
configure:2553: checking for GLIB_SHARP_20
configure:2561: $PKG_CONFIG --exists --print-errors "glib-sharp-2.0"
configure:2564: $? = 0
configure:2579: $PKG_CONFIG --exists --print-errors "glib-sharp-2.0"
configure:2582: $? = 0
configure:2658: result: yes
configure:2664: checking for GLADE_SHARP_20
configure:2672: $PKG_CONFIG --exists --print-errors "glade-sharp-2.0"
configure:2675: $? = 0
configure:2690: $PKG_CONFIG --exists --print-errors "glade-sharp-2.0"
configure:2693: $? = 0
configure:2769: result: yes
configure:3013: creating ./config.status

## ---------------------- ##
## Running config.status. ##
## ---------------------- ##

This file was extended by SharpKnocking config.status 0.1, which was
generated by GNU Autoconf 2.60.  Invocation command line was

  CONFIG_FILES    = 
  CONFIG_HEADERS  = 
  CONFIG_LINKS    = 
  CONFIG_COMMANDS = 
  $ ./config.status 

on gondolin

config.status:614: creating ./PortKnocker/SharpKnocking.PortKnocker.pc
config.status:614: creating ./NetfilterFirewall/Makefile
config.status:614: creating ./KnockingDaemonControl/knockingdaemoncontrol
config.status:614: creating ./PortKnocker/portknocker
config.status:614: creating ./KnockingDaemon/knockingdaemon
config.status:614: creating ./PortKnocker/Makefile
config.status:614: creating ./CommonWidgets/SharpKnocking.CommonWidgets.pc
config.status:614: creating ./Doorman/SharpKnocking.Doorman.pc
config.status:614: creating ./KnockingDaemonControl/Makefile
config.status:614: creating ./NetfilterFirewall/SharpKnocking.NetfilterFirewall.pc
config.status:614: creating ./KnockingDaemon/SharpKnocking.KnockingDaemon.pc
config.status:614: creating ./KnockingDaemon/Makefile
config.status:614: creating ./Common/SharpKnocking.Common.pc
config.status:614: creating ./CommonWidgets/Makefile
config.status:614: creating ./Doorman/doorman
config.status:614: creating ./KnockingDaemonControl/SharpKnocking.KnockingDaemonControl.pc
config.status:614: creating ./Makefile
config.status:614: creating sharpknocking.pc
config.status:614: creating ./Common/Makefile
config.status:614: creating ./Doorman/Makefile

## ---------------- ##
## Cache variables. ##
## ---------------- ##

ac_cv_env_GLADE_SHARP_20_CFLAGS_set=
ac_cv_env_GLADE_SHARP_20_CFLAGS_value=
ac_cv_env_GLADE_SHARP_20_LIBS_set=
ac_cv_env_GLADE_SHARP_20_LIBS_value=
ac_cv_env_GLIB_SHARP_20_CFLAGS_set=
ac_cv_env_GLIB_SHARP_20_CFLAGS_value=
ac_cv_env_GLIB_SHARP_20_LIBS_set=
ac_cv_env_GLIB_SHARP_20_LIBS_value=
ac_cv_env_GTK_SHARP_20_CFLAGS_set=
ac_cv_env_GTK_SHARP_20_CFLAGS_value=
ac_cv_env_GTK_SHARP_20_LIBS_set=
ac_cv_env_GTK_SHARP_20_LIBS_value=
ac_cv_env_PKG_CONFIG_set=
ac_cv_env_PKG_CONFIG_value=
ac_cv_env_build_alias_set=
ac_cv_env_build_alias_value=
ac_cv_env_host_alias_set=
ac_cv_env_host_alias_value=
ac_cv_env_target_alias_set=
ac_cv_env_target_alias_value=
ac_cv_path_MCS=/usr/bin/mcs
ac_cv_path_PKG_CONFIG=/usr/bin/pkg-config
ac_cv_path_install='/usr/bin/install -c'
ac_cv_prog_AWK=gawk
ac_cv_prog_make_make_set=yes
pkg_cv_GLADE_SHARP_20_CFLAGS='-I:/usr/lib/pkgconfig/../../share/gapi-2.0/glade-api.xml -I:/usr/lib/pkgconfig/../../share/gapi-2.0/pango-api.xml -I:/usr/lib/pkgconfig/../../share/gapi-2.0/atk-api.xml -I:/usr/lib/pkgconfig/../../share/gapi-2.0/gdk-api.xml -I:/usr/lib/pkgconfig/../../share/gapi-2.0/gtk-api.xml  '
pkg_cv_GLADE_SHARP_20_LIBS='-r:/usr/lib/pkgconfig/../../lib/mono/gtk-sharp-2.0/glade-sharp.dll -r:/usr/lib/pkgconfig/../../lib/mono/gtk-sharp-2.0/pango-sharp.dll -r:/usr/lib/pkgconfig/../../lib/mono/gtk-sharp-2.0/atk-sharp.dll -r:/usr/lib/pkgconfig/../../lib/mono/gtk-sharp-2.0/gdk-sharp.dll -r:/usr/lib/pkgconfig/../../lib/mono/gtk-sharp-2.0/gtk-sharp.dll -r:/usr/lib/pkgconfig/../../lib/mono/gtk-sharp-2.0/glib-sharp.dll  '
pkg_cv_GLIB_SHARP_20_CFLAGS=' '
pkg_cv_GLIB_SHARP_20_LIBS='-r:/usr/lib/pkgconfig/../../lib/mono/gtk-sharp-2.0/glib-sharp.dll  '
pkg_cv_GTK_SHARP_20_CFLAGS='-I:/usr/lib/pkgconfig/../../share/gapi-2.0/pango-api.xml -I:/usr/lib/pkgconfig/../../share/gapi-2.0/atk-api.xml -I:/usr/lib/pkgconfig/../../share/gapi-2.0/gdk-api.xml -I:/usr/lib/pkgconfig/../../share/gapi-2.0/gtk-api.xml  '
pkg_cv_GTK_SHARP_20_LIBS='-r:/usr/lib/pkgconfig/../../lib/mono/gtk-sharp-2.0/pango-sharp.dll -r:/usr/lib/pkgconfig/../../lib/mono/gtk-sharp-2.0/atk-sharp.dll -r:/usr/lib/pkgconfig/../../lib/mono/gtk-sharp-2.0/gdk-sharp.dll -r:/usr/lib/pkgconfig/../../lib/mono/gtk-sharp-2.0/gtk-sharp.dll -r:/usr/lib/pkgconfig/../../lib/mono/gtk-sharp-2.0/glib-sharp.dll  '

## ----------------- ##
## Output variables. ##
## ----------------- ##

ACLOCAL='${SHELL} /home/luis/programacion/csl-csknocking-g/SharpKnocking/missing --run aclocal-1.9'
AMTAR='${SHELL} /home/luis/programacion/csl-csknocking-g/SharpKnocking/missing --run tar'
AUTOCONF='${SHELL} /home/luis/programacion/csl-csknocking-g/SharpKnocking/missing --run autoconf'
AUTOHEADER='${SHELL} /home/luis/programacion/csl-csknocking-g/SharpKnocking/missing --run autoheader'
AUTOMAKE='${SHELL} /home/luis/programacion/csl-csknocking-g/SharpKnocking/missing --run automake-1.9'
AWK='gawk'
COMMONWIDGETS_DEBUG_LIB='CommonWidgets.dll'
COMMONWIDGETS_RELEASE_LIB=''
COMMON_DEBUG_LIB='SharpKnocking.Common.dll'
COMMON_RELEASE_LIB=''
CYGPATH_W='echo'
DEBUG_CONFIG_LIBRARIES=' ${pkglibdir}/SharpKnocking.Common.dll ${pkglibdir}/CommonWidgets.dll ${pkglibdir}/NetfilterFirewall.dll'
DEBUG_CONFIG_LIBS=' -r:${pkglibdir}/SharpKnocking.Common.dll -r:${pkglibdir}/CommonWidgets.dll -r:${pkglibdir}/NetfilterFirewall.dll'
DEFS='-DPACKAGE_NAME=\"SharpKnocking\" -DPACKAGE_TARNAME=\"sharpknocking\" -DPACKAGE_VERSION=\"0.1\" -DPACKAGE_STRING=\"SharpKnocking\ 0.1\" -DPACKAGE_BUGREPORT=\"\" -DPACKAGE=\"sharpknocking\" -DVERSION=\"0.1\"'
ECHO_C=''
ECHO_N='-n'
ECHO_T=''
ENABLE_DEBUG_FALSE='#'
ENABLE_DEBUG_TRUE=''
ENABLE_RELEASE_FALSE=''
ENABLE_RELEASE_TRUE='#'
GLADE_SHARP_20_CFLAGS='-I:/usr/lib/pkgconfig/../../share/gapi-2.0/glade-api.xml -I:/usr/lib/pkgconfig/../../share/gapi-2.0/pango-api.xml -I:/usr/lib/pkgconfig/../../share/gapi-2.0/atk-api.xml -I:/usr/lib/pkgconfig/../../share/gapi-2.0/gdk-api.xml -I:/usr/lib/pkgconfig/../../share/gapi-2.0/gtk-api.xml  '
GLADE_SHARP_20_LIBS='-r:/usr/lib/pkgconfig/../../lib/mono/gtk-sharp-2.0/glade-sharp.dll -r:/usr/lib/pkgconfig/../../lib/mono/gtk-sharp-2.0/pango-sharp.dll -r:/usr/lib/pkgconfig/../../lib/mono/gtk-sharp-2.0/atk-sharp.dll -r:/usr/lib/pkgconfig/../../lib/mono/gtk-sharp-2.0/gdk-sharp.dll -r:/usr/lib/pkgconfig/../../lib/mono/gtk-sharp-2.0/gtk-sharp.dll -r:/usr/lib/pkgconfig/../../lib/mono/gtk-sharp-2.0/glib-sharp.dll  '
GLIB_SHARP_20_CFLAGS=' '
GLIB_SHARP_20_LIBS='-r:/usr/lib/pkgconfig/../../lib/mono/gtk-sharp-2.0/glib-sharp.dll  '
GTK_SHARP_20_CFLAGS='-I:/usr/lib/pkgconfig/../../share/gapi-2.0/pango-api.xml -I:/usr/lib/pkgconfig/../../share/gapi-2.0/atk-api.xml -I:/usr/lib/pkgconfig/../../share/gapi-2.0/gdk-api.xml -I:/usr/lib/pkgconfig/../../share/gapi-2.0/gtk-api.xml  '
GTK_SHARP_20_LIBS='-r:/usr/lib/pkgconfig/../../lib/mono/gtk-sharp-2.0/pango-sharp.dll -r:/usr/lib/pkgconfig/../../lib/mono/gtk-sharp-2.0/atk-sharp.dll -r:/usr/lib/pkgconfig/../../lib/mono/gtk-sharp-2.0/gdk-sharp.dll -r:/usr/lib/pkgconfig/../../lib/mono/gtk-sharp-2.0/gtk-sharp.dll -r:/usr/lib/pkgconfig/../../lib/mono/gtk-sharp-2.0/glib-sharp.dll  '
INSTALL_DATA='${INSTALL} -m 644'
INSTALL_PROGRAM='${INSTALL}'
INSTALL_SCRIPT='${INSTALL}'
INSTALL_STRIP_PROGRAM='${SHELL} $(install_sh) -c -s'
LIBOBJS=''
LIBS=''
LTLIBOBJS=''
MAKEINFO='${SHELL} /home/luis/programacion/csl-csknocking-g/SharpKnocking/missing --run makeinfo'
MCS='/usr/bin/mcs'
NETFILTERFIREWALL_DEBUG_LIB='NetfilterFirewall.dll'
NETFILTERFIREWALL_RELEASE_LIB=''
PACKAGE='sharpknocking'
PACKAGE_BUGREPORT=''
PACKAGE_NAME='SharpKnocking'
PACKAGE_STRING='SharpKnocking 0.1'
PACKAGE_TARNAME='sharpknocking'
PACKAGE_VERSION='0.1'
PATH_SEPARATOR=':'
PKG_CONFIG='/usr/bin/pkg-config'
RELEASE_CONFIG_LIBRARIES=''
RELEASE_CONFIG_LIBS=''
SET_MAKE=''
SHELL='/bin/sh'
STRIP=''
VERSION='0.1'
am__leading_dot='.'
am__tar='${AMTAR} chof - "$$tardir"'
am__untar='${AMTAR} xf -'
bindir='${exec_prefix}/bin'
build_alias=''
datadir='${datarootdir}'
datarootdir='${prefix}/share'
docdir='${datarootdir}/doc/${PACKAGE_TARNAME}'
dvidir='${docdir}'
exec_prefix='${prefix}'
host_alias=''
htmldir='${docdir}'
includedir='${prefix}/include'
infodir='${datarootdir}/info'
install_sh='/home/luis/programacion/csl-csknocking-g/SharpKnocking/install-sh'
libdir='${exec_prefix}/lib'
libexecdir='${exec_prefix}/libexec'
localedir='${datarootdir}/locale'
localstatedir='${prefix}/var'
mandir='${datarootdir}/man'
mkdir_p='mkdir -p --'
oldincludedir='/usr/include'
pdfdir='${docdir}'
prefix='/usr/local'
program_transform_name='s,x,x,'
psdir='${docdir}'
sbindir='${exec_prefix}/sbin'
sharedstatedir='${prefix}/com'
sysconfdir='${prefix}/etc'
target_alias=''

## ----------- ##
## confdefs.h. ##
## ----------- ##

#define PACKAGE_NAME "SharpKnocking"
#define PACKAGE_TARNAME "sharpknocking"
#define PACKAGE_VERSION "0.1"
#define PACKAGE_STRING "SharpKnocking 0.1"
#define PACKAGE_BUGREPORT ""
#define PACKAGE "sharpknocking"
#define VERSION "0.1"

configure: exit 0
