This file contains any messages produced by compilers while
running configure, to aid debugging if configure makes a mistake.

It was created by SharpKnocking configure 0.1_i, which was
generated by GNU Autoconf 2.61.  Invocation command line was

  $ ./configure --enable-maintainer-mode --prefix=/usr/local

## --------- ##
## Platform. ##
## --------- ##

hostname = angelus.hyperion
uname -m = i686
uname -r = 2.6.23.1-21.fc7
uname -s = Linux
uname -v = #1 SMP Thu Nov 1 21:09:24 EDT 2007

/usr/bin/uname -p = unknown
/bin/uname -X     = unknown

/bin/arch              = i686
/usr/bin/arch -k       = unknown
/usr/convex/getsysinfo = unknown
/usr/bin/hostinfo      = unknown
/bin/machine           = unknown
/usr/bin/oslevel       = unknown
/bin/universe          = unknown

PATH: /usr/kerberos/bin
PATH: /usr/lib/ccache
PATH: /usr/local/bin
PATH: /usr/bin
PATH: /bin
PATH: /home/mangelp/bin
PATH: /usr/local/mono-svn/bin


## ----------- ##
## Core tests. ##
## ----------- ##

configure:1583: loading site script /home/mangelp/.config/automake/config.site
| test "$prefix" = NONE && prefix=/usr/local/mono-svn
configure:1733: checking for a BSD-compatible install
configure:1789: result: /usr/bin/install -c
configure:1800: checking whether build environment is sane
configure:1843: result: yes
configure:1871: checking for a thread-safe mkdir -p
configure:1910: result: /bin/mkdir -p
configure:1923: checking for gawk
configure:1939: found /usr/bin/gawk
configure:1950: result: gawk
configure:1961: checking whether make sets $(MAKE)
configure:1982: result: yes
configure:2173: checking for pkg-config
configure:2191: found /usr/bin/pkg-config
configure:2204: result: /usr/bin/pkg-config
configure:2231: checking for a BSD-compatible install
configure:2287: result: /usr/bin/install -c
configure:2301: checking for mcs
configure:2319: found /usr/local/mono-svn/bin/mcs
configure:2332: result: /usr/local/mono-svn/bin/mcs
configure:2347: checking for gmcs
configure:2365: found /usr/local/mono-svn/bin/gmcs
configure:2378: result: /usr/local/mono-svn/bin/gmcs
configure:2501: checking pkg-config is at least version 0.9.0
configure:2504: result: yes
configure:2515: checking for GLIB_SHARP_20
configure:2523: $PKG_CONFIG --exists --print-errors "glib-sharp-2.0"
configure:2526: $? = 0
configure:2541: $PKG_CONFIG --exists --print-errors "glib-sharp-2.0"
configure:2544: $? = 0
configure:2620: result: yes
configure:2626: checking for GTK_SHARP_20
configure:2634: $PKG_CONFIG --exists --print-errors "gtk-sharp-2.0"
configure:2637: $? = 0
configure:2652: $PKG_CONFIG --exists --print-errors "gtk-sharp-2.0"
configure:2655: $? = 0
configure:2731: result: yes
configure:2737: checking for GLADE_SHARP_20
configure:2745: $PKG_CONFIG --exists --print-errors "glade-sharp-2.0"
configure:2748: $? = 0
configure:2763: $PKG_CONFIG --exists --print-errors "glade-sharp-2.0"
configure:2766: $? = 0
configure:2842: result: yes
configure:3050: creating ./config.status

## ---------------------- ##
## Running config.status. ##
## ---------------------- ##

This file was extended by SharpKnocking config.status 0.1_i, which was
generated by GNU Autoconf 2.61.  Invocation command line was

  CONFIG_FILES    = 
  CONFIG_HEADERS  = 
  CONFIG_LINKS    = 
  CONFIG_COMMANDS = 
  $ ./config.status 

on angelus.hyperion

config.status:615: creating KnockingDaemonControl/Makefile
config.status:615: creating KnockingDaemon/knockingdaemon
config.status:615: creating Makefile
config.status:615: creating Common/Makefile
config.status:615: creating NetfilterFirewall/Makefile
config.status:615: creating CommonWidgets/Makefile
config.status:615: creating Doorman/Makefile
config.status:615: creating Doorman/doorman
config.status:615: creating PortKnocker/Makefile
config.status:615: creating PortKnocker/portknocker
config.status:615: creating CommonWidgets/commonwidgets.pc
config.status:615: creating NetfilterFirewall/netfilterfirewall.pc
config.status:615: creating KnockingDaemon/Makefile
config.status:615: creating KnockingDaemonControl/knockingdaemoncontrol
config.status:615: creating Common/common.pc

## ---------------- ##
## Cache variables. ##
## ---------------- ##

ac_cv_env_GLADE_SHARP_20_CFLAGS_set=
ac_cv_env_GLADE_SHARP_20_CFLAGS_value=
ac_cv_env_GLADE_SHARP_20_LIBS_set=
ac_cv_env_GLADE_SHARP_20_LIBS_value=
ac_cv_env_GLIB_SHARP_20_CFLAGS_set=
ac_cv_env_GLIB_SHARP_20_CFLAGS_value=
ac_cv_env_GLIB_SHARP_20_LIBS_set=
ac_cv_env_GLIB_SHARP_20_LIBS_value=
ac_cv_env_GTK_SHARP_20_CFLAGS_set=
ac_cv_env_GTK_SHARP_20_CFLAGS_value=
ac_cv_env_GTK_SHARP_20_LIBS_set=
ac_cv_env_GTK_SHARP_20_LIBS_value=
ac_cv_env_PKG_CONFIG_set=
ac_cv_env_PKG_CONFIG_value=
ac_cv_env_build_alias_set=
ac_cv_env_build_alias_value=
ac_cv_env_host_alias_set=
ac_cv_env_host_alias_value=
ac_cv_env_target_alias_set=
ac_cv_env_target_alias_value=
ac_cv_path_GMCS=/usr/local/mono-svn/bin/gmcs
ac_cv_path_MCS=/usr/local/mono-svn/bin/mcs
ac_cv_path_PKG_CONFIG=/usr/bin/pkg-config
ac_cv_path_install='/usr/bin/install -c'
ac_cv_path_mkdir=/bin/mkdir
ac_cv_prog_AWK=gawk
ac_cv_prog_make_make_set=yes
pkg_cv_GLADE_SHARP_20_CFLAGS='-I:/usr/local/mono-svn/lib/pkgconfig/../../share/gapi-2.0/glade-api.xml -I:/usr/local/mono-svn/lib/pkgconfig/../../share/gapi-2.0/pango-api.xml -I:/usr/local/mono-svn/lib/pkgconfig/../../share/gapi-2.0/atk-api.xml -I:/usr/local/mono-svn/lib/pkgconfig/../../share/gapi-2.0/gdk-api.xml -I:/usr/local/mono-svn/lib/pkgconfig/../../share/gapi-2.0/gtk-api.xml  '
pkg_cv_GLADE_SHARP_20_LIBS='-r:/usr/local/mono-svn/lib/pkgconfig/../../lib/mono/gtk-sharp-2.0/glade-sharp.dll -r:/usr/local/mono-svn/lib/pkgconfig/../../lib/mono/gtk-sharp-2.0/pango-sharp.dll -r:/usr/local/mono-svn/lib/pkgconfig/../../lib/mono/gtk-sharp-2.0/atk-sharp.dll -r:/usr/local/mono-svn/lib/pkgconfig/../../lib/mono/gtk-sharp-2.0/gdk-sharp.dll -r:/usr/local/mono-svn/lib/pkgconfig/../../lib/mono/gtk-sharp-2.0/gtk-sharp.dll -r:/usr/local/mono-svn/lib/pkgconfig/../../lib/mono/gtk-sharp-2.0/glib-sharp.dll  '
pkg_cv_GLIB_SHARP_20_CFLAGS=' '
pkg_cv_GLIB_SHARP_20_LIBS='-r:/usr/local/mono-svn/lib/pkgconfig/../../lib/mono/gtk-sharp-2.0/glib-sharp.dll  '
pkg_cv_GTK_SHARP_20_CFLAGS='-I:/usr/local/mono-svn/lib/pkgconfig/../../share/gapi-2.0/pango-api.xml -I:/usr/local/mono-svn/lib/pkgconfig/../../share/gapi-2.0/atk-api.xml -I:/usr/local/mono-svn/lib/pkgconfig/../../share/gapi-2.0/gdk-api.xml -I:/usr/local/mono-svn/lib/pkgconfig/../../share/gapi-2.0/gtk-api.xml  '
pkg_cv_GTK_SHARP_20_LIBS='-r:/usr/local/mono-svn/lib/pkgconfig/../../lib/mono/gtk-sharp-2.0/pango-sharp.dll -r:/usr/local/mono-svn/lib/pkgconfig/../../lib/mono/gtk-sharp-2.0/atk-sharp.dll -r:/usr/local/mono-svn/lib/pkgconfig/../../lib/mono/gtk-sharp-2.0/gdk-sharp.dll -r:/usr/local/mono-svn/lib/pkgconfig/../../lib/mono/gtk-sharp-2.0/gtk-sharp.dll -r:/usr/local/mono-svn/lib/pkgconfig/../../lib/mono/gtk-sharp-2.0/glib-sharp.dll  '

## ----------------- ##
## Output variables. ##
## ----------------- ##

ACLOCAL='${SHELL} /home/mangelp/projects/sharpknocking/SharpKnocking/missing --run aclocal-1.10'
AMTAR='${SHELL} /home/mangelp/projects/sharpknocking/SharpKnocking/missing --run tar'
AUTOCONF='${SHELL} /home/mangelp/projects/sharpknocking/SharpKnocking/missing --run autoconf'
AUTOHEADER='${SHELL} /home/mangelp/projects/sharpknocking/SharpKnocking/missing --run autoheader'
AUTOMAKE='${SHELL} /home/mangelp/projects/sharpknocking/SharpKnocking/missing --run automake-1.10'
AWK='gawk'
CYGPATH_W='echo'
DEFS='-DPACKAGE_NAME=\"SharpKnocking\" -DPACKAGE_TARNAME=\"sharpknocking\" -DPACKAGE_VERSION=\"0.1_i\" -DPACKAGE_STRING=\"SharpKnocking\ 0.1_i\" -DPACKAGE_BUGREPORT=\"\" -DPACKAGE=\"sharpknocking\" -DVERSION=\"0.1_i\"'
ECHO_C=''
ECHO_N='-n'
ECHO_T=''
ENABLE_DEBUG_FALSE='#'
ENABLE_DEBUG_TRUE=''
ENABLE_RELEASE_FALSE=''
ENABLE_RELEASE_TRUE='#'
GLADE_SHARP_20_CFLAGS='-I:/usr/local/mono-svn/lib/pkgconfig/../../share/gapi-2.0/glade-api.xml -I:/usr/local/mono-svn/lib/pkgconfig/../../share/gapi-2.0/pango-api.xml -I:/usr/local/mono-svn/lib/pkgconfig/../../share/gapi-2.0/atk-api.xml -I:/usr/local/mono-svn/lib/pkgconfig/../../share/gapi-2.0/gdk-api.xml -I:/usr/local/mono-svn/lib/pkgconfig/../../share/gapi-2.0/gtk-api.xml  '
GLADE_SHARP_20_LIBS='-r:/usr/local/mono-svn/lib/pkgconfig/../../lib/mono/gtk-sharp-2.0/glade-sharp.dll -r:/usr/local/mono-svn/lib/pkgconfig/../../lib/mono/gtk-sharp-2.0/pango-sharp.dll -r:/usr/local/mono-svn/lib/pkgconfig/../../lib/mono/gtk-sharp-2.0/atk-sharp.dll -r:/usr/local/mono-svn/lib/pkgconfig/../../lib/mono/gtk-sharp-2.0/gdk-sharp.dll -r:/usr/local/mono-svn/lib/pkgconfig/../../lib/mono/gtk-sharp-2.0/gtk-sharp.dll -r:/usr/local/mono-svn/lib/pkgconfig/../../lib/mono/gtk-sharp-2.0/glib-sharp.dll  '
GLIB_SHARP_20_CFLAGS=' '
GLIB_SHARP_20_LIBS='-r:/usr/local/mono-svn/lib/pkgconfig/../../lib/mono/gtk-sharp-2.0/glib-sharp.dll  '
GMCS='/usr/local/mono-svn/bin/gmcs'
GTK_SHARP_20_CFLAGS='-I:/usr/local/mono-svn/lib/pkgconfig/../../share/gapi-2.0/pango-api.xml -I:/usr/local/mono-svn/lib/pkgconfig/../../share/gapi-2.0/atk-api.xml -I:/usr/local/mono-svn/lib/pkgconfig/../../share/gapi-2.0/gdk-api.xml -I:/usr/local/mono-svn/lib/pkgconfig/../../share/gapi-2.0/gtk-api.xml  '
GTK_SHARP_20_LIBS='-r:/usr/local/mono-svn/lib/pkgconfig/../../lib/mono/gtk-sharp-2.0/pango-sharp.dll -r:/usr/local/mono-svn/lib/pkgconfig/../../lib/mono/gtk-sharp-2.0/atk-sharp.dll -r:/usr/local/mono-svn/lib/pkgconfig/../../lib/mono/gtk-sharp-2.0/gdk-sharp.dll -r:/usr/local/mono-svn/lib/pkgconfig/../../lib/mono/gtk-sharp-2.0/gtk-sharp.dll -r:/usr/local/mono-svn/lib/pkgconfig/../../lib/mono/gtk-sharp-2.0/glib-sharp.dll  '
INSTALL_DATA='${INSTALL} -m 644'
INSTALL_PROGRAM='${INSTALL}'
INSTALL_SCRIPT='${INSTALL}'
INSTALL_STRIP_PROGRAM='$(install_sh) -c -s'
LIBOBJS=''
LIBS=''
LTLIBOBJS=''
MAKEINFO='${SHELL} /home/mangelp/projects/sharpknocking/SharpKnocking/missing --run makeinfo'
MCS='/usr/local/mono-svn/bin/mcs'
PACKAGE='sharpknocking'
PACKAGE_BUGREPORT=''
PACKAGE_NAME='SharpKnocking'
PACKAGE_STRING='SharpKnocking 0.1_i'
PACKAGE_TARNAME='sharpknocking'
PACKAGE_VERSION='0.1_i'
PATH_SEPARATOR=':'
PKG_CONFIG='/usr/bin/pkg-config'
SET_MAKE=''
SHELL='/bin/sh'
STRIP=''
VERSION='0.1_i'
am__isrc=''
am__leading_dot='.'
am__tar='${AMTAR} chof - "$$tardir"'
am__untar='${AMTAR} xf -'
bindir='${exec_prefix}/bin'
build_alias=''
datadir='${datarootdir}'
datarootdir='${prefix}/share'
docdir='${datarootdir}/doc/${PACKAGE_TARNAME}'
dvidir='${docdir}'
exec_prefix='${prefix}'
host_alias=''
htmldir='${docdir}'
includedir='${prefix}/include'
infodir='${datarootdir}/info'
install_sh='$(SHELL) /home/mangelp/projects/sharpknocking/SharpKnocking/install-sh'
libdir='${exec_prefix}/lib'
libexecdir='${exec_prefix}/libexec'
localedir='${datarootdir}/locale'
localstatedir='${prefix}/var'
mandir='${datarootdir}/man'
mkdir_p='/bin/mkdir -p'
oldincludedir='/usr/include'
pdfdir='${docdir}'
prefix='/usr/local'
program_transform_name='s,x,x,'
psdir='${docdir}'
sbindir='${exec_prefix}/sbin'
sharedstatedir='${prefix}/com'
sysconfdir='${prefix}/etc'
target_alias=''

## ----------- ##
## confdefs.h. ##
## ----------- ##

#define PACKAGE_NAME "SharpKnocking"
#define PACKAGE_TARNAME "sharpknocking"
#define PACKAGE_VERSION "0.1_i"
#define PACKAGE_STRING "SharpKnocking 0.1_i"
#define PACKAGE_BUGREPORT ""
#define PACKAGE "sharpknocking"
#define VERSION "0.1_i"

configure: exit 0

## ---------------------- ##
## Running config.status. ##
## ---------------------- ##

This file was extended by SharpKnocking config.status 0.1_i, which was
generated by GNU Autoconf 2.61.  Invocation command line was

  CONFIG_FILES    = 
  CONFIG_HEADERS  = 
  CONFIG_LINKS    = 
  CONFIG_COMMANDS = 
  $ ./config.status KnockingDaemon/Makefile

on angelus.hegemony

config.status:615: creating KnockingDaemon/Makefile

## ---------------------- ##
## Running config.status. ##
## ---------------------- ##

This file was extended by SharpKnocking config.status 0.1_i, which was
generated by GNU Autoconf 2.61.  Invocation command line was

  CONFIG_FILES    = 
  CONFIG_HEADERS  = 
  CONFIG_LINKS    = 
  CONFIG_COMMANDS = 
  $ ./config.status Doorman/doorman

on hyperion.hegemony

config.status:615: creating Doorman/doorman
