This file contains any messages produced by compilers while
running configure, to aid debugging if configure makes a mistake.

It was created by SharpKnocking configure 0.1, which was
generated by GNU Autoconf 2.59.  Invocation command line was

  $ ./configure --enable-maintainer-mode --prefix=/usr/local

## --------- ##
## Platform. ##
## --------- ##

hostname = angelus
uname -m = i686
uname -r = 2.6.20-1.2933.fc6
uname -s = Linux
uname -v = #1 SMP Mon Mar 19 11:38:26 EDT 2007

/usr/bin/uname -p = unknown
/bin/uname -X     = unknown

/bin/arch              = i686
/usr/bin/arch -k       = unknown
/usr/convex/getsysinfo = unknown
hostinfo               = unknown
/bin/machine           = unknown
/usr/bin/oslevel       = unknown
/bin/universe          = unknown

PATH: /opt/mono-1.2.3.1/bin
PATH: /opt/mono-1.2.3.1/bin
PATH: /usr/kerberos/bin
PATH: /usr/local/bin
PATH: /usr/bin
PATH: /bin
PATH: /usr/X11R6/bin
PATH: /home/mangelp/bin


## ----------- ##
## Core tests. ##
## ----------- ##

configure:1325: checking for a BSD-compatible install
configure:1380: result: /usr/bin/install -c
configure:1391: checking whether build environment is sane
configure:1434: result: yes
configure:1499: checking for gawk
configure:1515: found /usr/bin/gawk
configure:1525: result: gawk
configure:1535: checking whether make sets $(MAKE)
configure:1555: result: yes
configure:1726: checking for pkg-config
configure:1744: found /opt/mono-1.2.3.1/bin/pkg-config
configure:1757: result: /opt/mono-1.2.3.1/bin/pkg-config
configure:1783: checking for a BSD-compatible install
configure:1838: result: /usr/bin/install -c
configure:1852: checking for mcs
configure:1870: found /opt/mono-1.2.3.1/bin/mcs
configure:1883: result: /opt/mono-1.2.3.1/bin/mcs
configure:1897: checking for gmcs
configure:1915: found /opt/mono-1.2.3.1/bin/gmcs
configure:1928: result: /opt/mono-1.2.3.1/bin/gmcs
configure:2035: checking pkg-config is at least version 0.9.0
configure:2038: result: yes
configure:2049: checking for GTK_SHARP_20
configure:2057: $PKG_CONFIG --exists --print-errors "gtk-sharp-2.0"
configure:2060: $? = 0
configure:2075: $PKG_CONFIG --exists --print-errors "gtk-sharp-2.0"
configure:2078: $? = 0
configure:2154: result: yes
configure:2160: checking for GLIB_SHARP_20
configure:2168: $PKG_CONFIG --exists --print-errors "glib-sharp-2.0"
configure:2171: $? = 0
configure:2186: $PKG_CONFIG --exists --print-errors "glib-sharp-2.0"
configure:2189: $? = 0
configure:2265: result: yes
configure:2271: checking for GLADE_SHARP_20
configure:2279: $PKG_CONFIG --exists --print-errors "glade-sharp-2.0"
configure:2282: $? = 0
configure:2297: $PKG_CONFIG --exists --print-errors "glade-sharp-2.0"
configure:2300: $? = 0
configure:2376: result: yes
configure:2616: creating ./config.status

## ---------------------- ##
## Running config.status. ##
## ---------------------- ##

This file was extended by SharpKnocking config.status 0.1, which was
generated by GNU Autoconf 2.59.  Invocation command line was

  CONFIG_FILES    = 
  CONFIG_HEADERS  = 
  CONFIG_LINKS    = 
  CONFIG_COMMANDS = 
  $ ./config.status 

on angelus

config.status:694: creating ./CommonWidgets/SharpKnocking.CommonWidgets.pc
config.status:694: creating ./Common/SharpKnocking.Common.pc
config.status:694: creating ./PortKnocker/SharpKnocking.PortKnocker.pc
config.status:694: creating ./PortKnocker/Makefile
config.status:694: creating ./KnockingDaemon/Makefile
config.status:694: creating ./Doorman/SharpKnocking.Doorman.pc
config.status:694: creating ./KnockingDaemonControl/knockingdaemoncontrol
config.status:694: creating ./KnockingDaemon/SharpKnocking.KnockingDaemon.pc
config.status:694: creating ./NetfilterFirewall/Makefile
config.status:694: creating ./KnockingDaemonControl/Makefile
config.status:694: creating ./PortKnocker/portknocker
config.status:694: creating ./KnockingDaemonControl/SharpKnocking.KnockingDaemonControl.pc
config.status:694: creating ./Doorman/doorman
config.status:694: creating ./Makefile
config.status:694: creating sharpknocking.pc
config.status:694: creating ./CommonWidgets/Makefile
config.status:694: creating ./Common/Makefile
config.status:694: creating ./Doorman/Makefile
config.status:694: creating ./NetfilterFirewall/SharpKnocking.NetfilterFirewall.pc
config.status:694: creating ./KnockingDaemon/knockingdaemon

## ---------------- ##
## Cache variables. ##
## ---------------- ##

ac_cv_env_GLADE_SHARP_20_CFLAGS_set=
ac_cv_env_GLADE_SHARP_20_CFLAGS_value=
ac_cv_env_GLADE_SHARP_20_LIBS_set=
ac_cv_env_GLADE_SHARP_20_LIBS_value=
ac_cv_env_GLIB_SHARP_20_CFLAGS_set=
ac_cv_env_GLIB_SHARP_20_CFLAGS_value=
ac_cv_env_GLIB_SHARP_20_LIBS_set=
ac_cv_env_GLIB_SHARP_20_LIBS_value=
ac_cv_env_GTK_SHARP_20_CFLAGS_set=
ac_cv_env_GTK_SHARP_20_CFLAGS_value=
ac_cv_env_GTK_SHARP_20_LIBS_set=
ac_cv_env_GTK_SHARP_20_LIBS_value=
ac_cv_env_PKG_CONFIG_set=
ac_cv_env_PKG_CONFIG_value=
ac_cv_env_build_alias_set=
ac_cv_env_build_alias_value=
ac_cv_env_host_alias_set=
ac_cv_env_host_alias_value=
ac_cv_env_target_alias_set=
ac_cv_env_target_alias_value=
ac_cv_path_GMCS=/opt/mono-1.2.3.1/bin/gmcs
ac_cv_path_MCS=/opt/mono-1.2.3.1/bin/mcs
ac_cv_path_PKG_CONFIG=/opt/mono-1.2.3.1/bin/pkg-config
ac_cv_path_install='/usr/bin/install -c'
ac_cv_prog_AWK=gawk
ac_cv_prog_make_make_set=yes
pkg_cv_GLADE_SHARP_20_CFLAGS='-I:/usr/local/lib/pkgconfig/../../share/gapi-2.0/glade-api.xml -I:/usr/local/lib/pkgconfig/../../share/gapi-2.0/pango-api.xml -I:/usr/local/lib/pkgconfig/../../share/gapi-2.0/atk-api.xml -I:/usr/local/lib/pkgconfig/../../share/gapi-2.0/gdk-api.xml -I:/usr/local/lib/pkgconfig/../../share/gapi-2.0/gtk-api.xml  '
pkg_cv_GLADE_SHARP_20_LIBS='-r:/usr/local/lib/pkgconfig/../../lib/mono/gtk-sharp-2.0/glade-sharp.dll -r:/usr/local/lib/pkgconfig/../../lib/mono/gtk-sharp-2.0/pango-sharp.dll -r:/usr/local/lib/pkgconfig/../../lib/mono/gtk-sharp-2.0/atk-sharp.dll -r:/usr/local/lib/pkgconfig/../../lib/mono/gtk-sharp-2.0/gdk-sharp.dll -r:/usr/local/lib/pkgconfig/../../lib/mono/gtk-sharp-2.0/gtk-sharp.dll -r:/usr/local/lib/pkgconfig/../../lib/mono/gtk-sharp-2.0/glib-sharp.dll  '
pkg_cv_GLIB_SHARP_20_CFLAGS=' '
pkg_cv_GLIB_SHARP_20_LIBS='-r:/usr/local/lib/pkgconfig/../../lib/mono/gtk-sharp-2.0/glib-sharp.dll  '
pkg_cv_GTK_SHARP_20_CFLAGS='-I:/usr/local/lib/pkgconfig/../../share/gapi-2.0/pango-api.xml -I:/usr/local/lib/pkgconfig/../../share/gapi-2.0/atk-api.xml -I:/usr/local/lib/pkgconfig/../../share/gapi-2.0/gdk-api.xml -I:/usr/local/lib/pkgconfig/../../share/gapi-2.0/gtk-api.xml  '
pkg_cv_GTK_SHARP_20_LIBS='-r:/usr/local/lib/pkgconfig/../../lib/mono/gtk-sharp-2.0/pango-sharp.dll -r:/usr/local/lib/pkgconfig/../../lib/mono/gtk-sharp-2.0/atk-sharp.dll -r:/usr/local/lib/pkgconfig/../../lib/mono/gtk-sharp-2.0/gdk-sharp.dll -r:/usr/local/lib/pkgconfig/../../lib/mono/gtk-sharp-2.0/gtk-sharp.dll -r:/usr/local/lib/pkgconfig/../../lib/mono/gtk-sharp-2.0/glib-sharp.dll  '

## ----------------- ##
## Output variables. ##
## ----------------- ##

ACLOCAL='${SHELL} /home/mangelp/projects/sharpknocking/SharpKnocking/missing --run aclocal-1.9'
AMTAR='${SHELL} /home/mangelp/projects/sharpknocking/SharpKnocking/missing --run tar'
AUTOCONF='${SHELL} /home/mangelp/projects/sharpknocking/SharpKnocking/missing --run autoconf'
AUTOHEADER='${SHELL} /home/mangelp/projects/sharpknocking/SharpKnocking/missing --run autoheader'
AUTOMAKE='${SHELL} /home/mangelp/projects/sharpknocking/SharpKnocking/missing --run automake-1.9'
AWK='gawk'
COMMONWIDGETS_DEBUG_LIB='CommonWidgets.dll'
COMMONWIDGETS_RELEASE_LIB=''
COMMON_DEBUG_LIB='SharpKnocking.Common.dll'
COMMON_RELEASE_LIB=''
CYGPATH_W='echo'
DEBUG_CONFIG_LIBRARIES=' ${pkglibdir}/SharpKnocking.Common.dll ${pkglibdir}/CommonWidgets.dll ${pkglibdir}/NetfilterFirewall.dll'
DEBUG_CONFIG_LIBS=' -r:${pkglibdir}/SharpKnocking.Common.dll -r:${pkglibdir}/CommonWidgets.dll -r:${pkglibdir}/NetfilterFirewall.dll'
DEFS='-DPACKAGE_NAME=\"SharpKnocking\" -DPACKAGE_TARNAME=\"sharpknocking\" -DPACKAGE_VERSION=\"0.1\" -DPACKAGE_STRING=\"SharpKnocking\ 0.1\" -DPACKAGE_BUGREPORT=\"\" -DPACKAGE=\"sharpknocking\" -DVERSION=\"0.1\" '
ECHO_C=''
ECHO_N='-n'
ECHO_T=''
ENABLE_DEBUG_FALSE='#'
ENABLE_DEBUG_TRUE=''
ENABLE_RELEASE_FALSE=''
ENABLE_RELEASE_TRUE='#'
GLADE_SHARP_20_CFLAGS='-I:/usr/local/lib/pkgconfig/../../share/gapi-2.0/glade-api.xml -I:/usr/local/lib/pkgconfig/../../share/gapi-2.0/pango-api.xml -I:/usr/local/lib/pkgconfig/../../share/gapi-2.0/atk-api.xml -I:/usr/local/lib/pkgconfig/../../share/gapi-2.0/gdk-api.xml -I:/usr/local/lib/pkgconfig/../../share/gapi-2.0/gtk-api.xml  '
GLADE_SHARP_20_LIBS='-r:/usr/local/lib/pkgconfig/../../lib/mono/gtk-sharp-2.0/glade-sharp.dll -r:/usr/local/lib/pkgconfig/../../lib/mono/gtk-sharp-2.0/pango-sharp.dll -r:/usr/local/lib/pkgconfig/../../lib/mono/gtk-sharp-2.0/atk-sharp.dll -r:/usr/local/lib/pkgconfig/../../lib/mono/gtk-sharp-2.0/gdk-sharp.dll -r:/usr/local/lib/pkgconfig/../../lib/mono/gtk-sharp-2.0/gtk-sharp.dll -r:/usr/local/lib/pkgconfig/../../lib/mono/gtk-sharp-2.0/glib-sharp.dll  '
GLIB_SHARP_20_CFLAGS=' '
GLIB_SHARP_20_LIBS='-r:/usr/local/lib/pkgconfig/../../lib/mono/gtk-sharp-2.0/glib-sharp.dll  '
GMCS='/opt/mono-1.2.3.1/bin/gmcs'
GTK_SHARP_20_CFLAGS='-I:/usr/local/lib/pkgconfig/../../share/gapi-2.0/pango-api.xml -I:/usr/local/lib/pkgconfig/../../share/gapi-2.0/atk-api.xml -I:/usr/local/lib/pkgconfig/../../share/gapi-2.0/gdk-api.xml -I:/usr/local/lib/pkgconfig/../../share/gapi-2.0/gtk-api.xml  '
GTK_SHARP_20_LIBS='-r:/usr/local/lib/pkgconfig/../../lib/mono/gtk-sharp-2.0/pango-sharp.dll -r:/usr/local/lib/pkgconfig/../../lib/mono/gtk-sharp-2.0/atk-sharp.dll -r:/usr/local/lib/pkgconfig/../../lib/mono/gtk-sharp-2.0/gdk-sharp.dll -r:/usr/local/lib/pkgconfig/../../lib/mono/gtk-sharp-2.0/gtk-sharp.dll -r:/usr/local/lib/pkgconfig/../../lib/mono/gtk-sharp-2.0/glib-sharp.dll  '
INSTALL_DATA='${INSTALL} -m 644'
INSTALL_PROGRAM='${INSTALL}'
INSTALL_SCRIPT='${INSTALL}'
INSTALL_STRIP_PROGRAM='${SHELL} $(install_sh) -c -s'
LIBOBJS=''
LIBS=''
LTLIBOBJS=''
MAKEINFO='${SHELL} /home/mangelp/projects/sharpknocking/SharpKnocking/missing --run makeinfo'
MCS='/opt/mono-1.2.3.1/bin/mcs'
NETFILTERFIREWALL_DEBUG_LIB='NetfilterFirewall.dll'
NETFILTERFIREWALL_RELEASE_LIB=''
PACKAGE='sharpknocking'
PACKAGE_BUGREPORT=''
PACKAGE_NAME='SharpKnocking'
PACKAGE_STRING='SharpKnocking 0.1'
PACKAGE_TARNAME='sharpknocking'
PACKAGE_VERSION='0.1'
PATH_SEPARATOR=':'
PKG_CONFIG='/opt/mono-1.2.3.1/bin/pkg-config'
RELEASE_CONFIG_LIBRARIES=''
RELEASE_CONFIG_LIBS=''
SET_MAKE=''
SHELL='/bin/sh'
STRIP=''
VERSION='0.1'
ac_ct_STRIP=''
ac_pt_PKG_CONFIG=''
am__leading_dot='.'
am__tar='${AMTAR} chof - "$$tardir"'
am__untar='${AMTAR} xf -'
bindir='${exec_prefix}/bin'
build_alias=''
datadir='${prefix}/share'
exec_prefix='${prefix}'
host_alias=''
includedir='${prefix}/include'
infodir='${prefix}/info'
install_sh='/home/mangelp/projects/sharpknocking/SharpKnocking/install-sh'
libdir='${exec_prefix}/lib'
libexecdir='${exec_prefix}/libexec'
localstatedir='${prefix}/var'
mandir='${prefix}/man'
mkdir_p='mkdir -p --'
oldincludedir='/usr/include'
prefix='/usr/local'
program_transform_name='s,x,x,'
sbindir='${exec_prefix}/sbin'
sharedstatedir='${prefix}/com'
sysconfdir='${prefix}/etc'
target_alias=''

## ----------- ##
## confdefs.h. ##
## ----------- ##

#define PACKAGE "sharpknocking"
#define PACKAGE_BUGREPORT ""
#define PACKAGE_NAME "SharpKnocking"
#define PACKAGE_STRING "SharpKnocking 0.1"
#define PACKAGE_TARNAME "sharpknocking"
#define PACKAGE_VERSION "0.1"
#define VERSION "0.1"

configure: exit 0
